[www.free-css.com/assets/files/free-css-templates/preview/page248/outing/index.html]
[backblue.gif]
[fade.gif]
[index.html]
[s3.buysellads.com/ac/bsa.js]
[www.free-css.com/assets/files/free-css-templates/preview/page248/outing/assets/images/about-us-img.jpg]
[www.free-css.com/assets/files/free-css-templates/preview/page248/outing/assets/images/dubai.jpg]
[www.free-css.com/assets/files/free-css-templates/preview/page248/outing/assets/images/thailand.jpg]
[www.free-css.com/assets/files/free-css-templates/preview/page248/outing/assets/images/france.jpg]
[www.free-css.com/assets/files/free-css-templates/preview/page248/outing/assets/images/switzerland.jpg]
[www.free-css.com/assets/files/free-css-templates/preview/page248/outing/assets/images/italy.jpg]
[www.free-css.com/assets/files/free-css-templates/preview/page248/outing/assets/images/england.jpg]
[www.free-css.com/assets/files/free-css-templates/preview/page248/outing/assets/images/traveler-1.jpg]
[www.free-css.com/assets/files/free-css-templates/preview/page248/outing/assets/images/traveler-2.jpg]
[www.free-css.com/assets/files/free-css-templates/preview/page248/outing/assets/images/traveler-3.jpg]
[www.free-css.com/assets/files/free-css-templates/preview/page248/outing/assets/images/sponsor-logo-1.png]
[www.free-css.com/assets/files/free-css-templates/preview/page248/outing/assets/images/sponsor-logo-2.png]
[www.free-css.com/assets/files/free-css-templates/preview/page248/outing/assets/images/sponsor-logo-3.png]
[www.free-css.com/assets/files/free-css-templates/preview/page248/outing/assets/images/sponsor-logo-4.png]
[www.free-css.com/assets/files/free-css-templates/preview/page248/outing/assets/images/sponsor-logo-5.png]
[www.free-css.com/assets/files/free-css-templates/preview/page248/outing/assets/images/sponsor-logo-6.png]
[www.free-css.com/assets/files/free-css-templates/preview/page248/outing/assets/js/jquery.min.js]
[www.free-css.com/assets/files/free-css-templates/preview/page248/outing/assets/js/popper.min.js]
[www.free-css.com/assets/files/free-css-templates/preview/page248/outing/assets/js/bootstrap.min.js]
[www.free-css.com/assets/files/free-css-templates/preview/page248/outing/assets/js/slick.min.js]
[www.free-css.com/assets/files/free-css-templates/preview/page248/outing/assets/js/custom.js]
[www.google-analytics.com/analytics.js]
[www.free-css.com/assets/files/free-css-templates/preview/page248/outing/index.html]
[www.free-css.com/assets/files/free-css-templates/preview/page248/outing/assets/css/fonts/fontawesome-webfont5b62.eot]
[www.free-css.com/assets/files/free-css-templates/preview/page248/outing/assets/css/fonts/fontawesome-webfontd41d.eot]
[www.free-css.com/assets/files/free-css-templates/preview/page248/outing/assets/css/fonts/fontawesome-webfont5b62.woff]
[www.free-css.com/assets/files/free-css-templates/preview/page248/outing/assets/css/fonts/fontawesome-webfont5b62.ttf]
[www.free-css.com/assets/files/free-css-templates/preview/page248/outing/assets/css/plugins.css]
[www.free-css.com/assets/files/free-css-templates/preview/page248/outing/assets/images/head-featured-bg.jpg]
[www.free-css.com/assets/files/free-css-templates/preview/page248/outing/assets/images/about-video-bg.jpg]
[www.free-css.com/assets/files/free-css-templates/preview/page248/outing/assets/images/testimonials-bg.jpg]
[www.free-css.com/assets/files/free-css-templates/preview/page248/outing/assets/css/style.css]
[www.free-css.com/assets/files/free-css-templates/preview/page248/outing/assets/css/fonts/fontawesome-webfont5b62.html]
[www.free-css.com/assets/files/free-css-templates/preview/page248/outing/assets/css/fonts/fontawesome-webfont5b62.svg]
[www.free-css.com/assets/files/free-css-templates/preview/page248/outing/assets/css/fonts/Poppins-Regular.html]
